<?xml version="1.0" encoding="UTF-8"?>
<!-- Generated by org.testng.reporters.JUnitReportReporter -->
<testsuite hostname="DESKTOP-9HN5GUR" failures="0" tests="1" name="qa.tests.Testcase2" time="14.313" errors="0" timestamp="2025-02-16T11:35:21 IST" skipped="0">
  <testcase classname="qa.tests.Testcase2" name="verifyingSignUp" time="14.313"/>
  <system-out/>
</testsuite> <!-- qa.tests.Testcase2 -->
